DEBUG Received OutputFolder: 
======================================
   RELEASE AUTOMATION ENTRY POINT     
======================================
Using Release Folder: .\release_R26.1.0.4

[STEP 1] Jenkins Angular Build & Push Dist
======================================
   JENKINS ANGULAR BUILD STARTED     
======================================
Fetching Jenkins crumb...
Triggering Angular Build...

Monitoring Build Number: 37
Build Completed with Status: SUCCESS
Triggering Push Dist...

Monitoring Build Number: 18
Build Completed with Status: SUCCESS
Jenkins Angular Pipeline Completed Successfully!
Angular step completed successfully.
======================================
   RELEASE AUTOMATION COMPLETED      
======================================
