DEBUG Received OutputFolder: .\release_R26.0.0.1.2
======================================
   RELEASE AUTOMATION ENTRY POINT     
======================================
Using Release Folder: .\release_R26.0.0.1.2

[STEP 2] Incrementals & CodeDiff
Release Root: C:\Users\Sathwik Vintha\Desktop\Release-Automation\Report-output\ORM_26_1_DEV\R26.0.0.1.2
DEBUG Incrementals OutputFolder: .\release_R26.0.0.1.2
Locating release markers...
Base Commit   : d3dceae8
Target Commit : 1deafdfb

==============================================
 Incrementals & CodeDiff Generated Successfully
RELEASE_ROOT=C:\Users\Sathwik Vintha\Desktop\Release-Automation\Report-output\ORM_26_1_DEV\R26.0.0.1.2
 CSV  : C:\Users\Sathwik Vintha\Desktop\Release-Automation\Report-output\ORM_26_1_DEV\R26.0.0.1.2\02_Incrementals\Incrementals\12345678_Incrementals.csv
 DIFF : C:\Users\Sathwik Vintha\Desktop\Release-Automation\Report-output\ORM_26_1_DEV\R26.0.0.1.2\02_Incrementals\CodeDiff\12345678_ORM_26_1_DEV_CodeDiff.diff
==============================================
Incrementals step completed successfully.
======================================
   RELEASE AUTOMATION COMPLETED      
======================================
