2026-02-18 18:29:31,281 [INFO] ========== ZIP + PGP Release Automation Started ==========
2026-02-18 18:29:31,282 [INFO] Release Version: R.26.0.0.1.2
2026-02-18 18:29:31,282 [INFO] Base Directory: C:\Users\Sathwik Vintha\Desktop\Release-Automation\Report-output\ORM_26_1_DEV
2026-02-18 18:29:31,283 [INFO] Importing company public key...
gpg: key FE700299AAED2302: "bnpp" not changed
gpg: Total number processed: 1
gpg:              unchanged: 1
2026-02-18 18:29:31,562 [INFO] Validating public key fingerprint...
2026-02-18 18:29:31,703 [INFO] Public key validated successfully.
2026-02-18 18:29:31,703 [INFO] Processing release folders inside: C:\Users\Sathwik Vintha\Desktop\Release-Automation\Report-output\ORM_26_1_DEV
2026-02-18 18:29:31,704 [INFO] Processing directory: C:\Users\Sathwik Vintha\Desktop\Release-Automation\Report-output\ORM_26_1_DEV\R26.0.0.1.2_ORM_Code_Diff
2026-02-18 18:29:31,705 [INFO] Zipping folder: C:\Users\Sathwik Vintha\Desktop\Release-Automation\Report-output\ORM_26_1_DEV\R26.0.0.1.2_ORM_Code_Diff
2026-02-18 18:29:31,750 [INFO] ZIP created: C:\Users\Sathwik Vintha\Desktop\Release-Automation\Report-output\ORM_26_1_DEV\R26.0.0.1.2_ORM_Code_Diff.zip
2026-02-18 18:29:31,751 [INFO] Encrypting ZIP: C:\Users\Sathwik Vintha\Desktop\Release-Automation\Report-output\ORM_26_1_DEV\R26.0.0.1.2_ORM_Code_Diff.zip
2026-02-18 18:29:32,080 [INFO] PGP encryption completed: C:\Users\Sathwik Vintha\Desktop\Release-Automation\Report-output\ORM_26_1_DEV\R26.0.0.1.2_ORM_Code_Diff.pgp
2026-02-18 18:29:32,080 [INFO] Processing directory: C:\Users\Sathwik Vintha\Desktop\Release-Automation\Report-output\ORM_26_1_DEV\R26.0.0.1.2_ORM_Incrementals
2026-02-18 18:29:32,081 [INFO] Zipping folder: C:\Users\Sathwik Vintha\Desktop\Release-Automation\Report-output\ORM_26_1_DEV\R26.0.0.1.2_ORM_Incrementals
2026-02-18 18:29:32,087 [INFO] ZIP created: C:\Users\Sathwik Vintha\Desktop\Release-Automation\Report-output\ORM_26_1_DEV\R26.0.0.1.2_ORM_Incrementals.zip
2026-02-18 18:29:32,088 [INFO] Encrypting ZIP: C:\Users\Sathwik Vintha\Desktop\Release-Automation\Report-output\ORM_26_1_DEV\R26.0.0.1.2_ORM_Incrementals.zip
2026-02-18 18:29:32,386 [INFO] PGP encryption completed: C:\Users\Sathwik Vintha\Desktop\Release-Automation\Report-output\ORM_26_1_DEV\R26.0.0.1.2_ORM_Incrementals.pgp
2026-02-18 18:29:32,387 [INFO] Processing directory: C:\Users\Sathwik Vintha\Desktop\Release-Automation\Report-output\ORM_26_1_DEV\R26.0.0.1.2_ORM_Reports
2026-02-18 18:29:32,387 [INFO] Zipping folder: C:\Users\Sathwik Vintha\Desktop\Release-Automation\Report-output\ORM_26_1_DEV\R26.0.0.1.2_ORM_Reports
2026-02-18 18:29:32,404 [INFO] ZIP created: C:\Users\Sathwik Vintha\Desktop\Release-Automation\Report-output\ORM_26_1_DEV\R26.0.0.1.2_ORM_Reports.zip
2026-02-18 18:29:32,405 [INFO] Encrypting ZIP: C:\Users\Sathwik Vintha\Desktop\Release-Automation\Report-output\ORM_26_1_DEV\R26.0.0.1.2_ORM_Reports.zip
2026-02-18 18:29:32,730 [INFO] PGP encryption completed: C:\Users\Sathwik Vintha\Desktop\Release-Automation\Report-output\ORM_26_1_DEV\R26.0.0.1.2_ORM_Reports.pgp
2026-02-18 18:29:32,731 [INFO] Processing directory: C:\Users\Sathwik Vintha\Desktop\Release-Automation\Report-output\ORM_26_1_DEV\R26.0.0.1.2_ORM_Source_Code
2026-02-18 18:29:32,732 [INFO] Zipping folder: C:\Users\Sathwik Vintha\Desktop\Release-Automation\Report-output\ORM_26_1_DEV\R26.0.0.1.2_ORM_Source_Code
2026-02-18 18:29:32,769 [INFO] ZIP created: C:\Users\Sathwik Vintha\Desktop\Release-Automation\Report-output\ORM_26_1_DEV\R26.0.0.1.2_ORM_Source_Code.zip
2026-02-18 18:29:32,769 [INFO] Encrypting ZIP: C:\Users\Sathwik Vintha\Desktop\Release-Automation\Report-output\ORM_26_1_DEV\R26.0.0.1.2_ORM_Source_Code.zip
2026-02-18 18:29:33,129 [INFO] PGP encryption completed: C:\Users\Sathwik Vintha\Desktop\Release-Automation\Report-output\ORM_26_1_DEV\R26.0.0.1.2_ORM_Source_Code.pgp
2026-02-18 18:29:33,130 [INFO] All folders zipped and encrypted successfully.
2026-02-18 18:29:33,130 [INFO] ========== ZIP + PGP Completed Successfully ==========
